src/stim/circuit/circuit.pybind.cc
src/stim/circuit/circuit.pybind.h
src/stim/circuit/circuit_gate_target.pybind.cc
src/stim/circuit/circuit_gate_target.pybind.h
src/stim/circuit/circuit_instruction.pybind.cc
src/stim/circuit/circuit_instruction.pybind.h
src/stim/circuit/circuit_repeat_block.pybind.cc
src/stim/circuit/circuit_repeat_block.pybind.h
src/stim/dem/detector_error_model.pybind.cc
src/stim/dem/detector_error_model.pybind.h
src/stim/dem/detector_error_model_instruction.pybind.cc
src/stim/dem/detector_error_model_instruction.pybind.h
src/stim/dem/detector_error_model_repeat_block.pybind.cc
src/stim/dem/detector_error_model_repeat_block.pybind.h
src/stim/dem/detector_error_model_target.pybind.cc
src/stim/dem/detector_error_model_target.pybind.h
src/stim/io/read_write.pybind.cc
src/stim/io/read_write.pybind.h
src/stim/py/base.pybind.cc
src/stim/py/base.pybind.h
src/stim/py/compiled_detector_sampler.pybind.cc
src/stim/py/compiled_detector_sampler.pybind.h
src/stim/py/compiled_measurement_sampler.pybind.cc
src/stim/py/compiled_measurement_sampler.pybind.h
src/stim/py/march.pybind.cc
src/stim/py/march.pybind.h
src/stim/py/stim.pybind.cc
src/stim/simulators/dem_sampler.pybind.cc
src/stim/simulators/dem_sampler.pybind.h
src/stim/simulators/matched_error.pybind.cc
src/stim/simulators/matched_error.pybind.h
src/stim/simulators/measurements_to_detection_events.pybind.cc
src/stim/simulators/measurements_to_detection_events.pybind.h
src/stim/simulators/tableau_simulator.pybind.cc
src/stim/simulators/tableau_simulator.pybind.h
src/stim/stabilizers/pauli_string.pybind.cc
src/stim/stabilizers/pauli_string.pybind.h
src/stim/stabilizers/tableau.pybind.cc
src/stim/stabilizers/tableau.pybind.h
src/stim/stabilizers/tableau_iter.pybind.cc
src/stim/stabilizers/tableau_iter.pybind.h