src/stim.cc
src/stim.h
src/stim/arg_parse.cc
src/stim/arg_parse.h
src/stim/circuit/circuit.cc
src/stim/circuit/circuit.h
src/stim/circuit/gate_data.cc
src/stim/circuit/gate_data.h
src/stim/circuit/gate_data_annotations.cc
src/stim/circuit/gate_data_blocks.cc
src/stim/circuit/gate_data_collapsing.cc
src/stim/circuit/gate_data_controlled.cc
src/stim/circuit/gate_data_hada.cc
src/stim/circuit/gate_data_noisy.cc
src/stim/circuit/gate_data_pauli.cc
src/stim/circuit/gate_data_period_3.cc
src/stim/circuit/gate_data_period_4.cc
src/stim/circuit/gate_data_pp.cc
src/stim/circuit/gate_data_swaps.cc
src/stim/circuit/gate_target.cc
src/stim/circuit/gate_target.h
src/stim/dem/detector_error_model.cc
src/stim/dem/detector_error_model.h
src/stim/gen/circuit_gen_main.cc
src/stim/gen/circuit_gen_main.h
src/stim/gen/circuit_gen_params.cc
src/stim/gen/circuit_gen_params.h
src/stim/gen/gen_color_code.cc
src/stim/gen/gen_color_code.h
src/stim/gen/gen_rep_code.cc
src/stim/gen/gen_rep_code.h
src/stim/gen/gen_surface_code.cc
src/stim/gen/gen_surface_code.h
src/stim/help.cc
src/stim/help.h
src/stim/io/measure_record.cc
src/stim/io/measure_record.h
src/stim/io/measure_record_batch.cc
src/stim/io/measure_record_batch.h
src/stim/io/measure_record_batch_writer.cc
src/stim/io/measure_record_batch_writer.h
src/stim/io/measure_record_reader.cc
src/stim/io/measure_record_reader.h
src/stim/io/measure_record_writer.cc
src/stim/io/measure_record_writer.h
src/stim/io/raii_file.cc
src/stim/io/raii_file.h
src/stim/io/sparse_shot.cc
src/stim/io/sparse_shot.h
src/stim/io/stim_data_formats.cc
src/stim/io/stim_data_formats.h
src/stim/main_namespaced.cc
src/stim/main_namespaced.h
src/stim/mem/bit_ref.cc
src/stim/mem/bit_ref.h
src/stim/mem/fixed_cap_vector.h
src/stim/mem/monotonic_buffer.h
src/stim/mem/pointer_range.h
src/stim/mem/simd_bit_table.h
src/stim/mem/simd_bit_table.inl
src/stim/mem/simd_bits.h
src/stim/mem/simd_bits.inl
src/stim/mem/simd_bits_range_ref.h
src/stim/mem/simd_bits_range_ref.inl
src/stim/mem/simd_util.cc
src/stim/mem/simd_util.h
src/stim/mem/simd_word.cc
src/stim/mem/simd_word.h
src/stim/mem/simd_word_128_sse.h
src/stim/mem/simd_word_256_avx.h
src/stim/mem/simd_word_64_std.h
src/stim/mem/sparse_xor_vec.cc
src/stim/mem/sparse_xor_vec.h
src/stim/probability_util.cc
src/stim/probability_util.h
src/stim/search/graphlike/algo.cc
src/stim/search/graphlike/algo.h
src/stim/search/graphlike/edge.cc
src/stim/search/graphlike/edge.h
src/stim/search/graphlike/graph.cc
src/stim/search/graphlike/graph.h
src/stim/search/graphlike/node.cc
src/stim/search/graphlike/node.h
src/stim/search/graphlike/search_state.cc
src/stim/search/graphlike/search_state.h
src/stim/search/hyper/algo.cc
src/stim/search/hyper/algo.h
src/stim/search/hyper/edge.cc
src/stim/search/hyper/edge.h
src/stim/search/hyper/graph.cc
src/stim/search/hyper/graph.h
src/stim/search/hyper/node.cc
src/stim/search/hyper/node.h
src/stim/search/hyper/search_state.cc
src/stim/search/hyper/search_state.h
src/stim/search/search.h
src/stim/simulators/dem_sampler.cc
src/stim/simulators/dem_sampler.h
src/stim/simulators/detection_simulator.cc
src/stim/simulators/detection_simulator.h
src/stim/simulators/error_analyzer.cc
src/stim/simulators/error_analyzer.h
src/stim/simulators/error_matcher.cc
src/stim/simulators/error_matcher.h
src/stim/simulators/frame_simulator.cc
src/stim/simulators/frame_simulator.h
src/stim/simulators/matched_error.cc
src/stim/simulators/matched_error.h
src/stim/simulators/measurements_to_detection_events.cc
src/stim/simulators/measurements_to_detection_events.h
src/stim/simulators/tableau_simulator.cc
src/stim/simulators/tableau_simulator.h
src/stim/simulators/vector_simulator.cc
src/stim/simulators/vector_simulator.h
src/stim/stabilizers/conversions.cc
src/stim/stabilizers/conversions.h
src/stim/stabilizers/pauli_string.cc
src/stim/stabilizers/pauli_string.h
src/stim/stabilizers/pauli_string_ref.cc
src/stim/stabilizers/pauli_string_ref.h
src/stim/stabilizers/tableau.cc
src/stim/stabilizers/tableau.h
src/stim/stabilizers/tableau_iter.cc
src/stim/stabilizers/tableau_iter.h
src/stim/stabilizers/tableau_specialized_prepend.cc
src/stim/stabilizers/tableau_transposed_raii.cc
src/stim/stabilizers/tableau_transposed_raii.h
src/stim/str_util.h